{"C:\\pessoal\\clean_code_clean_architecture_branas_io\\eccomerce\\src\\model\\Item.ts": {"path":"C:\\pessoal\\clean_code_clean_architecture_branas_io\\eccomerce\\src\\model\\Item.ts","statementMap":{"0":{"start":{"line":6,"column":25},"end":{"line":6,"column":44}},"1":{"start":{"line":6,"column":55},"end":{"line":6,"column":68}},"2":{"start":{"line":6,"column":79},"end":{"line":6,"column":93}},"3":{"start":{"line":7,"column":8},"end":{"line":7,"column":39}},"4":{"start":{"line":8,"column":8},"end":{"line":8,"column":27}},"5":{"start":{"line":9,"column":8},"end":{"line":9,"column":29}},"6":{"start":{"line":4,"column":0},"end":{"line":4,"column":21}}},"fnMap":{"0":{"name":"(anonymous_0)","decl":{"start":{"line":6,"column":4},"end":{"line":6,"column":25}},"loc":{"start":{"line":6,"column":93},"end":{"line":10,"column":5}}}},"branchMap":{},"s":{"0":6,"1":6,"2":6,"3":6,"4":6,"5":6,"6":1},"f":{"0":6},"b":{}}
,"C:\\pessoal\\clean_code_clean_architecture_branas_io\\eccomerce\\src\\model\\Sale.ts": {"path":"C:\\pessoal\\clean_code_clean_architecture_branas_io\\eccomerce\\src\\model\\Sale.ts","statementMap":{"0":{"start":{"line":8,"column":21},"end":{"line":8,"column":32}},"1":{"start":{"line":9,"column":21},"end":{"line":9,"column":34}},"2":{"start":{"line":10,"column":21},"end":{"line":10,"column":43}},"3":{"start":{"line":11,"column":21},"end":{"line":11,"column":37}},"4":{"start":{"line":12,"column":21},"end":{"line":12,"column":37}},"5":{"start":{"line":5,"column":4},"end":{"line":5,"column":20}},"6":{"start":{"line":13,"column":8},"end":{"line":13,"column":23}},"7":{"start":{"line":14,"column":8},"end":{"line":14,"column":27}},"8":{"start":{"line":15,"column":8},"end":{"line":15,"column":45}},"9":{"start":{"line":16,"column":8},"end":{"line":16,"column":33}},"10":{"start":{"line":17,"column":8},"end":{"line":17,"column":33}},"11":{"start":{"line":18,"column":8},"end":{"line":18,"column":78}},"12":{"start":{"line":4,"column":0},"end":{"line":4,"column":21}},"13":{"start":{"line":23,"column":21},"end":{"line":23,"column":24}},"14":{"start":{"line":24,"column":4},"end":{"line":26,"column":7}},"15":{"start":{"line":25,"column":8},"end":{"line":25,"column":47}},"16":{"start":{"line":27,"column":4},"end":{"line":27,"column":45}},"17":{"start":{"line":28,"column":4},"end":{"line":28,"column":54}}},"fnMap":{"0":{"name":"(anonymous_0)","decl":{"start":{"line":7,"column":4},"end":{"line":7,"column":null}},"loc":{"start":{"line":12,"column":37},"end":{"line":19,"column":5}}},"1":{"name":"totalSale","decl":{"start":{"line":22,"column":9},"end":{"line":22,"column":18}},"loc":{"start":{"line":22,"column":92},"end":{"line":29,"column":1}}},"2":{"name":"(anonymous_2)","decl":{"start":{"line":24,"column":18},"end":{"line":24,"column":22}},"loc":{"start":{"line":24,"column":25},"end":{"line":26,"column":5}}}},"branchMap":{},"s":{"0":2,"1":2,"2":2,"3":2,"4":2,"5":2,"6":2,"7":2,"8":2,"9":2,"10":2,"11":2,"12":1,"13":2,"14":2,"15":6,"16":2,"17":2},"f":{"0":2,"1":2,"2":6},"b":{}}
,"C:\\pessoal\\clean_code_clean_architecture_branas_io\\eccomerce\\src\\service\\Sale.ts": {"path":"C:\\pessoal\\clean_code_clean_architecture_branas_io\\eccomerce\\src\\service\\Sale.ts","statementMap":{"0":{"start":{"line":2,"column":0},"end":{"line":2,"column":33}},"1":{"start":{"line":3,"column":0},"end":{"line":3,"column":50}},"2":{"start":{"line":7,"column":4},"end":{"line":9,"column":null}},"3":{"start":{"line":8,"column":8},"end":{"line":8,"column":43}},"4":{"start":{"line":10,"column":4},"end":{"line":10,"column":68}},"5":{"start":{"line":6,"column":0},"end":{"line":6,"column":16}}},"fnMap":{"0":{"name":"createSale","decl":{"start":{"line":6,"column":16},"end":{"line":6,"column":26}},"loc":{"start":{"line":6,"column":113},"end":{"line":11,"column":1}}}},"branchMap":{"0":{"loc":{"start":{"line":7,"column":4},"end":{"line":9,"column":null}},"type":"if","locations":[{"start":{"line":7,"column":4},"end":{"line":9,"column":null}}]}},"s":{"0":1,"1":1,"2":3,"3":1,"4":2,"5":1},"f":{"0":3},"b":{"0":[1]}}
,"C:\\pessoal\\clean_code_clean_architecture_branas_io\\eccomerce\\src\\util\\CpfValidator.ts": {"path":"C:\\pessoal\\clean_code_clean_architecture_branas_io\\eccomerce\\src\\util\\CpfValidator.ts","statementMap":{"0":{"start":{"line":3,"column":4},"end":{"line":54,"column":24}},"1":{"start":{"line":4,"column":8},"end":{"line":51,"column":null}},"2":{"start":{"line":5,"column":12},"end":{"line":50,"column":32}},"3":{"start":{"line":7,"column":16},"end":{"line":11,"column":38}},"4":{"start":{"line":13,"column":16},"end":{"line":48,"column":null}},"5":{"start":{"line":13,"column":46},"end":{"line":13,"column":58}},"6":{"start":{"line":14,"column":20},"end":{"line":47,"column":null}},"7":{"start":{"line":19,"column":24},"end":{"line":19,"column":36}},"8":{"start":{"line":20,"column":24},"end":{"line":20,"column":45}},"9":{"start":{"line":22,"column":24},"end":{"line":28,"column":26}},"10":{"start":{"line":22,"column":42},"end":{"line":22,"column":43}},"11":{"start":{"line":24,"column":28},"end":{"line":24,"column":81}},"12":{"start":{"line":25,"column":28},"end":{"line":25,"column":61}},"13":{"start":{"line":27,"column":28},"end":{"line":27,"column":61}},"14":{"start":{"line":30,"column":24},"end":{"line":30,"column":41}},"15":{"start":{"line":32,"column":24},"end":{"line":32,"column":63}},"16":{"start":{"line":33,"column":24},"end":{"line":33,"column":38}},"17":{"start":{"line":34,"column":24},"end":{"line":34,"column":41}},"18":{"start":{"line":35,"column":24},"end":{"line":38,"column":44}},"19":{"start":{"line":36,"column":28},"end":{"line":36,"column":36}},"20":{"start":{"line":38,"column":28},"end":{"line":38,"column":44}},"21":{"start":{"line":40,"column":42},"end":{"line":40,"column":83}},"22":{"start":{"line":41,"column":24},"end":{"line":41,"column":57}},"23":{"start":{"line":42,"column":24},"end":{"line":42,"column":57}},"24":{"start":{"line":44,"column":24},"end":{"line":44,"column":52}},"25":{"start":{"line":46,"column":24},"end":{"line":46,"column":37}},"26":{"start":{"line":48,"column":23},"end":{"line":48,"column":null}},"27":{"start":{"line":50,"column":19},"end":{"line":50,"column":32}},"28":{"start":{"line":54,"column":11},"end":{"line":54,"column":24}},"29":{"start":{"line":1,"column":0},"end":{"line":1,"column":16}}},"fnMap":{"0":{"name":"isCpfValid","decl":{"start":{"line":1,"column":16},"end":{"line":1,"column":26}},"loc":{"start":{"line":1,"column":38},"end":{"line":56,"column":1}}},"1":{"name":"(anonymous_1)","decl":{"start":{"line":13,"column":41},"end":{"line":13,"column":42}},"loc":{"start":{"line":13,"column":46},"end":{"line":13,"column":58}}}},"branchMap":{"0":{"loc":{"start":{"line":3,"column":4},"end":{"line":54,"column":24}},"type":"if","locations":[{"start":{"line":3,"column":4},"end":{"line":54,"column":24}},{"start":{"line":54,"column":11},"end":{"line":54,"column":24}}]},"1":{"loc":{"start":{"line":4,"column":8},"end":{"line":51,"column":null}},"type":"if","locations":[{"start":{"line":4,"column":8},"end":{"line":51,"column":null}}]},"2":{"loc":{"start":{"line":5,"column":12},"end":{"line":50,"column":32}},"type":"if","locations":[{"start":{"line":5,"column":12},"end":{"line":50,"column":32}},{"start":{"line":50,"column":19},"end":{"line":50,"column":32}}]},"3":{"loc":{"start":{"line":5,"column":16},"end":{"line":5,"column":52}},"type":"binary-expr","locations":[{"start":{"line":5,"column":16},"end":{"line":5,"column":32}},{"start":{"line":5,"column":36},"end":{"line":5,"column":52}}]},"4":{"loc":{"start":{"line":13,"column":16},"end":{"line":48,"column":null}},"type":"if","locations":[{"start":{"line":13,"column":16},"end":{"line":48,"column":null}},{"start":{"line":48,"column":23},"end":{"line":48,"column":null}}]},"5":{"loc":{"start":{"line":32,"column":30},"end":{"line":32,"column":62}},"type":"cond-expr","locations":[{"start":{"line":32,"column":43},"end":{"line":32,"column":50}},{"start":{"line":32,"column":53},"end":{"line":32,"column":62}}]},"6":{"loc":{"start":{"line":35,"column":24},"end":{"line":38,"column":44}},"type":"if","locations":[{"start":{"line":35,"column":24},"end":{"line":38,"column":44}},{"start":{"line":38,"column":28},"end":{"line":38,"column":44}}]}},"s":{"0":9,"1":9,"2":9,"3":9,"4":9,"5":14,"6":7,"7":7,"8":7,"9":7,"10":7,"11":55,"12":55,"13":55,"14":7,"15":7,"16":7,"17":7,"18":7,"19":1,"20":6,"21":7,"22":7,"23":7,"24":0,"25":0,"26":2,"27":0,"28":0,"29":2},"f":{"0":9,"1":14},"b":{"0":[9,0],"1":[9],"2":[9,0],"3":[9,3],"4":[7,2],"5":[4,3],"6":[1,6]}}
}
