<?xml version="1.0" encoding="UTF-8"?>
<coverage generated="1650564952335" clover="3.2.0">
  <project timestamp="1650564952335" name="All files">
    <metrics statements="57" coveredstatements="53" conditionals="14" coveredconditionals="12" methods="7" coveredmethods="7" elements="78" coveredelements="72" complexity="0" loc="57" ncloc="57" packages="3" files="4" classes="4"/>
    <package name="model">
      <metrics statements="23" coveredstatements="23" conditionals="0" coveredconditionals="0" methods="4" coveredmethods="4"/>
      <file name="Item.ts" path="C:\pessoal\clean_code_clean_architecture_branas_io\eccomerce\src\model\Item.ts">
        <metrics statements="5" coveredstatements="5" conditionals="0" coveredconditionals="0" methods="1" coveredmethods="1"/>
        <line num="4" count="1" type="stmt"/>
        <line num="6" count="6" type="stmt"/>
        <line num="7" count="6" type="stmt"/>
        <line num="8" count="6" type="stmt"/>
        <line num="9" count="6" type="stmt"/>
      </file>
      <file name="Sale.ts" path="C:\pessoal\clean_code_clean_architecture_branas_io\eccomerce\src\model\Sale.ts">
        <metrics statements="18" coveredstatements="18" conditionals="0" coveredconditionals="0" methods="3" coveredmethods="3"/>
        <line num="4" count="1" type="stmt"/>
        <line num="5" count="2" type="stmt"/>
        <line num="8" count="2" type="stmt"/>
        <line num="9" count="2" type="stmt"/>
        <line num="10" count="2" type="stmt"/>
        <line num="11" count="2" type="stmt"/>
        <line num="12" count="2" type="stmt"/>
        <line num="13" count="2" type="stmt"/>
        <line num="14" count="2" type="stmt"/>
        <line num="15" count="2" type="stmt"/>
        <line num="16" count="2" type="stmt"/>
        <line num="17" count="2" type="stmt"/>
        <line num="18" count="2" type="stmt"/>
        <line num="23" count="2" type="stmt"/>
        <line num="24" count="2" type="stmt"/>
        <line num="25" count="6" type="stmt"/>
        <line num="27" count="2" type="stmt"/>
        <line num="28" count="2" type="stmt"/>
      </file>
    </package>
    <package name="service">
      <metrics statements="6" coveredstatements="6" conditionals="1" coveredconditionals="1" methods="1" coveredmethods="1"/>
      <file name="Sale.ts" path="C:\pessoal\clean_code_clean_architecture_branas_io\eccomerce\src\service\Sale.ts">
        <metrics statements="6" coveredstatements="6" conditionals="1" coveredconditionals="1" methods="1" coveredmethods="1"/>
        <line num="2" count="1" type="stmt"/>
        <line num="3" count="1" type="stmt"/>
        <line num="6" count="1" type="stmt"/>
        <line num="7" count="3" type="cond" truecount="1" falsecount="0"/>
        <line num="8" count="1" type="stmt"/>
        <line num="10" count="2" type="stmt"/>
      </file>
    </package>
    <package name="util">
      <metrics statements="28" coveredstatements="24" conditionals="13" coveredconditionals="11" methods="2" coveredmethods="2"/>
      <file name="CpfValidator.ts" path="C:\pessoal\clean_code_clean_architecture_branas_io\eccomerce\src\util\CpfValidator.ts">
        <metrics statements="28" coveredstatements="24" conditionals="13" coveredconditionals="11" methods="2" coveredmethods="2"/>
        <line num="1" count="2" type="stmt"/>
        <line num="3" count="9" type="cond" truecount="1" falsecount="1"/>
        <line num="4" count="9" type="cond" truecount="1" falsecount="0"/>
        <line num="5" count="9" type="cond" truecount="3" falsecount="1"/>
        <line num="7" count="9" type="stmt"/>
        <line num="13" count="14" type="cond" truecount="2" falsecount="0"/>
        <line num="14" count="7" type="stmt"/>
        <line num="19" count="7" type="stmt"/>
        <line num="20" count="7" type="stmt"/>
        <line num="22" count="7" type="stmt"/>
        <line num="24" count="55" type="stmt"/>
        <line num="25" count="55" type="stmt"/>
        <line num="27" count="55" type="stmt"/>
        <line num="30" count="7" type="stmt"/>
        <line num="32" count="7" type="cond" truecount="2" falsecount="0"/>
        <line num="33" count="7" type="stmt"/>
        <line num="34" count="7" type="stmt"/>
        <line num="35" count="7" type="cond" truecount="2" falsecount="0"/>
        <line num="36" count="1" type="stmt"/>
        <line num="38" count="6" type="stmt"/>
        <line num="40" count="7" type="stmt"/>
        <line num="41" count="7" type="stmt"/>
        <line num="42" count="7" type="stmt"/>
        <line num="44" count="0" type="stmt"/>
        <line num="46" count="0" type="stmt"/>
        <line num="48" count="2" type="stmt"/>
        <line num="50" count="0" type="stmt"/>
        <line num="54" count="0" type="stmt"/>
      </file>
    </package>
  </project>
</coverage>
