TN:
SF:src\model\Item.ts
FN:6,(anonymous_0)
FNF:1
FNH:1
FNDA:6,(anonymous_0)
DA:4,1
DA:6,6
DA:7,6
DA:8,6
DA:9,6
LF:5
LH:5
BRF:0
BRH:0
end_of_record
TN:
SF:src\model\Sale.ts
FN:7,(anonymous_0)
FN:22,totalSale
FN:24,(anonymous_2)
FNF:3
FNH:3
FNDA:2,(anonymous_0)
FNDA:2,totalSale
FNDA:6,(anonymous_2)
DA:4,1
DA:5,2
DA:8,2
DA:9,2
DA:10,2
DA:11,2
DA:12,2
DA:13,2
DA:14,2
DA:15,2
DA:16,2
DA:17,2
DA:18,2
DA:23,2
DA:24,2
DA:25,6
DA:27,2
DA:28,2
LF:18
LH:18
BRF:0
BRH:0
end_of_record
TN:
SF:src\service\Sale.ts
FN:6,createSale
FNF:1
FNH:1
FNDA:3,createSale
DA:2,1
DA:3,1
DA:6,1
DA:7,3
DA:8,1
DA:10,2
LF:6
LH:6
BRDA:7,0,0,1
BRF:1
BRH:1
end_of_record
TN:
SF:src\util\CpfValidator.ts
FN:1,isCpfValid
FN:13,(anonymous_1)
FNF:2
FNH:2
FNDA:9,isCpfValid
FNDA:14,(anonymous_1)
DA:1,2
DA:3,9
DA:4,9
DA:5,9
DA:7,9
DA:13,14
DA:14,7
DA:19,7
DA:20,7
DA:22,7
DA:24,55
DA:25,55
DA:27,55
DA:30,7
DA:32,7
DA:33,7
DA:34,7
DA:35,7
DA:36,1
DA:38,6
DA:40,7
DA:41,7
DA:42,7
DA:44,0
DA:46,0
DA:48,2
DA:50,0
DA:54,0
LF:28
LH:24
BRDA:3,0,0,9
BRDA:3,0,1,0
BRDA:4,1,0,9
BRDA:5,2,0,9
BRDA:5,2,1,0
BRDA:5,3,0,9
BRDA:5,3,1,3
BRDA:13,4,0,7
BRDA:13,4,1,2
BRDA:32,5,0,4
BRDA:32,5,1,3
BRDA:35,6,0,1
BRDA:35,6,1,6
BRF:13
BRH:11
end_of_record
